<?xml version="1.0" encoding="UTF-8"?>
<testsuite name="com.jojoldu.book.springboot.web.IndexControllerTest" tests="1" skipped="0" failures="0" errors="0" timestamp="2023-02-18T08:14:35" hostname="DESKTOP-JQ0TKD7" time="0.436">
  <properties/>
  <testcase name="메인페이지_로딩" classname="com.jojoldu.book.springboot.web.IndexControllerTest" time="0.436"/>
  <system-out><![CDATA[2023-02-18 17:14:33.099  INFO 67484 --- [    Test worker] .b.t.c.SpringBootTestContextBootstrapper : Neither @ContextConfiguration nor @ContextHierarchy found for test class [com.jojoldu.book.springboot.web.IndexControllerTest], using SpringBootContextLoader
2023-02-18 17:14:33.100  INFO 67484 --- [    Test worker] o.s.t.c.support.AbstractContextLoader    : Could not detect default resource locations for test class [com.jojoldu.book.springboot.web.IndexControllerTest]: no resource found for suffixes {-context.xml, Context.groovy}.
2023-02-18 17:14:33.100  INFO 67484 --- [    Test worker] t.c.s.AnnotationConfigContextLoaderUtils : Could not detect default configuration classes for test class [com.jojoldu.book.springboot.web.IndexControllerTest]: IndexControllerTest does not declare any static, non-private, non-final, nested classes annotated with @Configuration.
2023-02-18 17:14:33.102  INFO 67484 --- [    Test worker] .b.t.c.SpringBootTestContextBootstrapper : Found @SpringBootConfiguration com.jojoldu.book.springboot.Apllication for test class com.jojoldu.book.springboot.web.IndexControllerTest
2023-02-18 17:14:33.103  INFO 67484 --- [    Test worker] .b.t.c.SpringBootTestContextBootstrapper : Loaded default TestExecutionListener class names from location [META-INF/spring.factories]: [org.springframework.security.test.context.support.WithSecurityContextTestExecutionListener, org.springframework.security.test.context.support.ReactorContextTestExecutionListener, org.springframework.boot.test.autoconfigure.restdocs.RestDocsTestExecutionListener, org.springframework.boot.test.autoconfigure.web.client.MockRestServiceServerResetTestExecutionListener, org.springframework.boot.test.autoconfigure.web.servlet.MockMvcPrintOnlyOnFailureTestExecutionListener, org.springframework.boot.test.autoconfigure.web.servlet.WebDriverTestExecutionListener, org.springframework.boot.test.mock.mockito.MockitoTestExecutionListener, org.springframework.boot.test.mock.mockito.ResetMocksTestExecutionListener, org.springframework.test.context.web.ServletTestExecutionListener, org.springframework.test.context.support.DirtiesContextBeforeModesTestExecutionListener, org.springframework.test.context.support.DependencyInjectionTestExecutionListener, org.springframework.test.context.support.DirtiesContextTestExecutionListener, org.springframework.test.context.transaction.TransactionalTestExecutionListener, org.springframework.test.context.jdbc.SqlScriptsTestExecutionListener]
2023-02-18 17:14:33.105  INFO 67484 --- [    Test worker] .b.t.c.SpringBootTestContextBootstrapper : Using TestExecutionListeners: [org.springframework.test.context.web.ServletTestExecutionListener@28c9795c, org.springframework.test.context.support.DirtiesContextBeforeModesTestExecutionListener@7b32fb92, org.springframework.boot.test.mock.mockito.MockitoTestExecutionListener@24000805, org.springframework.boot.test.autoconfigure.SpringBootDependencyInjectionTestExecutionListener@7df0b4e, org.springframework.test.context.support.DirtiesContextTestExecutionListener@643f8170, org.springframework.test.context.transaction.TransactionalTestExecutionListener@83d080e, org.springframework.test.context.jdbc.SqlScriptsTestExecutionListener@2c59792c, org.springframework.security.test.context.support.WithSecurityContextTestExecutionListener@53a39292, org.springframework.security.test.context.support.ReactorContextTestExecutionListener@4b0fbd97, org.springframework.boot.test.autoconfigure.restdocs.RestDocsTestExecutionListener@2b12b180, org.springframework.boot.test.autoconfigure.web.client.MockRestServiceServerResetTestExecutionListener@4ce53dd7, org.springframework.boot.test.autoconfigure.web.servlet.MockMvcPrintOnlyOnFailureTestExecutionListener@31d01db, org.springframework.boot.test.autoconfigure.web.servlet.WebDriverTestExecutionListener@35c8f72a, org.springframework.boot.test.mock.mockito.ResetMocksTestExecutionListener@be8cea2]

  .   ____          _            __ _ _
 /\\ / ___'_ __ _ _(_)_ __  __ _ \ \ \ \
( ( )\___ | '_ | '_| | '_ \/ _` | \ \ \ \
 \\/  ___)| |_)| | | | | || (_| |  ) ) ) )
  '  |____| .__|_| |_|_| |_\__, | / / / /
 =========|_|==============|___/=/_/_/_/
 :: Spring Boot ::        (v2.1.7.RELEASE)

2023-02-18 17:14:33.146  INFO 67484 --- [    Test worker] c.j.b.s.web.IndexControllerTest          : Starting IndexControllerTest on DESKTOP-JQ0TKD7 with PID 67484 (started by user in E:\coding\sp1\springboot1)
2023-02-18 17:14:33.146  INFO 67484 --- [    Test worker] c.j.b.s.web.IndexControllerTest          : The following profiles are active: oauth
2023-02-18 17:14:33.328  INFO 67484 --- [    Test worker] .s.d.r.c.RepositoryConfigurationDelegate : Bootstrapping Spring Data repositories in DEFAULT mode.
2023-02-18 17:14:33.344  INFO 67484 --- [    Test worker] .s.d.r.c.RepositoryConfigurationDelegate : Finished Spring Data repository scanning in 16ms. Found 2 repository interfaces.
2023-02-18 17:14:33.424  INFO 67484 --- [    Test worker] trationDelegate$BeanPostProcessorChecker : Bean 'org.springframework.transaction.annotation.ProxyTransactionManagementConfiguration' of type [org.springframework.transaction.annotation.ProxyTransactionManagementConfiguration$$EnhancerBySpringCGLIB$$5ec8a61d] is not eligible for getting processed by all BeanPostProcessors (for example: not eligible for auto-proxying)
2023-02-18 17:14:33.707  INFO 67484 --- [    Test worker] o.s.b.w.embedded.tomcat.TomcatWebServer  : Tomcat initialized with port(s): 0 (http)
2023-02-18 17:14:33.741  INFO 67484 --- [    Test worker] o.apache.catalina.core.StandardService   : Starting service [Tomcat]
2023-02-18 17:14:33.742  INFO 67484 --- [    Test worker] org.apache.catalina.core.StandardEngine  : Starting Servlet engine: [Apache Tomcat/9.0.22]
2023-02-18 17:14:33.937  INFO 67484 --- [    Test worker] o.a.c.c.C.[Tomcat].[localhost].[/]       : Initializing Spring embedded WebApplicationContext
2023-02-18 17:14:33.937  INFO 67484 --- [    Test worker] o.s.web.context.ContextLoader            : Root WebApplicationContext: initialization completed in 789 ms
2023-02-18 17:14:34.156  INFO 67484 --- [    Test worker] com.zaxxer.hikari.HikariDataSource       : HikariPool-2 - Starting...
2023-02-18 17:14:34.157  INFO 67484 --- [    Test worker] com.zaxxer.hikari.HikariDataSource       : HikariPool-2 - Start completed.
2023-02-18 17:14:34.201  INFO 67484 --- [    Test worker] o.hibernate.jpa.internal.util.LogHelper  : HHH000204: Processing PersistenceUnitInfo [
	name: default
	...]
2023-02-18 17:14:34.213  INFO 67484 --- [    Test worker] org.hibernate.dialect.Dialect            : HHH000400: Using dialect: org.hibernate.dialect.MySQL5InnoDBDialect
Hibernate: drop table if exists posts
Hibernate: drop table if exists user
Hibernate: create table posts (id bigint not null auto_increment, created_date datetime, modified_date datetime, author varchar(255), content TEXT not null, title varchar(500) not null, primary key (id)) engine=InnoDB
Hibernate: create table user (id bigint not null auto_increment, created_date datetime, modified_date datetime, email varchar(255) not null, name varchar(255) not null, picture varchar(255) not null, role varchar(255) not null, primary key (id)) engine=InnoDB
2023-02-18 17:14:34.289  INFO 67484 --- [    Test worker] o.h.t.schema.internal.SchemaCreatorImpl  : HHH000476: Executing import script 'org.hibernate.tool.schema.internal.exec.ScriptSourceInputNonExistentImpl@504002e5'
2023-02-18 17:14:34.289  INFO 67484 --- [    Test worker] j.LocalContainerEntityManagerFactoryBean : Initialized JPA EntityManagerFactory for persistence unit 'default'
2023-02-18 17:14:34.707  INFO 67484 --- [    Test worker] o.h.h.i.QueryTranslatorFactoryInitiator  : HHH000397: Using ASTQueryTranslatorFactory
2023-02-18 17:14:34.929  INFO 67484 --- [    Test worker] o.s.s.web.DefaultSecurityFilterChain     : Creating filter chain: any request, [org.springframework.security.web.context.request.async.WebAsyncManagerIntegrationFilter@60d97fd9, org.springframework.security.web.context.SecurityContextPersistenceFilter@1ee89727, org.springframework.security.web.header.HeaderWriterFilter@4019f41d, org.springframework.security.web.authentication.logout.LogoutFilter@37d10983, org.springframework.security.oauth2.client.web.OAuth2AuthorizationRequestRedirectFilter@351df345, org.springframework.security.oauth2.client.web.OAuth2LoginAuthenticationFilter@2a8dc43c, org.springframework.security.web.authentication.ui.DefaultLoginPageGeneratingFilter@6d5aeaa0, org.springframework.security.web.authentication.ui.DefaultLogoutPageGeneratingFilter@3700a4fd, org.springframework.security.web.savedrequest.RequestCacheAwareFilter@601efc6d, org.springframework.security.web.servletapi.SecurityContextHolderAwareRequestFilter@6f28556f, org.springframework.security.web.authentication.AnonymousAuthenticationFilter@6d5dee83, org.springframework.security.web.session.SessionManagementFilter@3ae712f8, org.springframework.security.web.access.ExceptionTranslationFilter@44f48e7, org.springframework.security.web.access.intercept.FilterSecurityInterceptor@5841e9e6]
2023-02-18 17:14:35.129  INFO 67484 --- [    Test worker] o.s.s.concurrent.ThreadPoolTaskExecutor  : Initializing ExecutorService 'applicationTaskExecutor'
2023-02-18 17:14:35.146  WARN 67484 --- [    Test worker] aWebConfiguration$JpaWebMvcConfiguration : spring.jpa.open-in-view is enabled by default. Therefore, database queries may be performed during view rendering. Explicitly configure spring.jpa.open-in-view to disable this warning
2023-02-18 17:14:35.180  INFO 67484 --- [    Test worker] o.s.b.a.w.s.WelcomePageHandlerMapping    : Adding welcome page template: index
2023-02-18 17:14:35.495  INFO 67484 --- [    Test worker] s.a.ScheduledAnnotationBeanPostProcessor : No TaskScheduler/ScheduledExecutorService bean found for scheduled processing
2023-02-18 17:14:35.525  INFO 67484 --- [    Test worker] o.s.b.w.embedded.tomcat.TomcatWebServer  : Tomcat started on port(s): 65143 (http) with context path ''
2023-02-18 17:14:35.526  INFO 67484 --- [    Test worker] c.j.b.s.web.IndexControllerTest          : Started IndexControllerTest in 2.417 seconds (JVM running for 11.564)
2023-02-18 17:14:35.769  INFO 67484 --- [o-auto-1-exec-1] o.a.c.c.C.[Tomcat].[localhost].[/]       : Initializing Spring DispatcherServlet 'dispatcherServlet'
2023-02-18 17:14:35.770  INFO 67484 --- [o-auto-1-exec-1] o.s.web.servlet.DispatcherServlet        : Initializing Servlet 'dispatcherServlet'
2023-02-18 17:14:35.814  INFO 67484 --- [o-auto-1-exec-1] o.s.web.servlet.DispatcherServlet        : Completed initialization in 44 ms
Hibernate: select posts0_.id as id1_0_, posts0_.created_date as created_2_0_, posts0_.modified_date as modified3_0_, posts0_.author as author4_0_, posts0_.content as content5_0_, posts0_.title as title6_0_ from posts posts0_ order by posts0_.id DESC
]]></system-out>
  <system-err><![CDATA[]]></system-err>
</testsuite>
