<?xml version="1.0" encoding="UTF-8"?>
<testsuite name="com.jojoldu.book.springboot.web.ProfileControllerTest" tests="1" skipped="0" failures="0" errors="0" timestamp="2023-03-02T12:58:15" hostname="DESKTOP-JQ0TKD7" time="0.459">
  <properties/>
  <testcase name="profile은_인증없이_호출된다" classname="com.jojoldu.book.springboot.web.ProfileControllerTest" time="0.459"/>
  <system-out><![CDATA[21:58:06.774 [Test worker] DEBUG org.springframework.test.context.junit4.SpringJUnit4ClassRunner - SpringJUnit4ClassRunner constructor called with [class com.jojoldu.book.springboot.web.ProfileControllerTest]
21:58:06.784 [Test worker] DEBUG org.springframework.test.context.BootstrapUtils - Instantiating CacheAwareContextLoaderDelegate from class [org.springframework.test.context.cache.DefaultCacheAwareContextLoaderDelegate]
21:58:06.793 [Test worker] DEBUG org.springframework.test.context.BootstrapUtils - Instantiating BootstrapContext using constructor [public org.springframework.test.context.support.DefaultBootstrapContext(java.lang.Class,org.springframework.test.context.CacheAwareContextLoaderDelegate)]
21:58:06.819 [Test worker] DEBUG org.springframework.test.context.BootstrapUtils - Instantiating TestContextBootstrapper for test class [com.jojoldu.book.springboot.web.ProfileControllerTest] from class [org.springframework.boot.test.context.SpringBootTestContextBootstrapper]
21:58:06.837 [Test worker] INFO org.springframework.boot.test.context.SpringBootTestContextBootstrapper - Neither @ContextConfiguration nor @ContextHierarchy found for test class [com.jojoldu.book.springboot.web.ProfileControllerTest], using SpringBootContextLoader
21:58:06.842 [Test worker] DEBUG org.springframework.test.context.support.AbstractContextLoader - Did not detect default resource location for test class [com.jojoldu.book.springboot.web.ProfileControllerTest]: class path resource [com/jojoldu/book/springboot/web/ProfileControllerTest-context.xml] does not exist
21:58:06.843 [Test worker] DEBUG org.springframework.test.context.support.AbstractContextLoader - Did not detect default resource location for test class [com.jojoldu.book.springboot.web.ProfileControllerTest]: class path resource [com/jojoldu/book/springboot/web/ProfileControllerTestContext.groovy] does not exist
21:58:06.843 [Test worker] INFO org.springframework.test.context.support.AbstractContextLoader - Could not detect default resource locations for test class [com.jojoldu.book.springboot.web.ProfileControllerTest]: no resource found for suffixes {-context.xml, Context.groovy}.
21:58:06.844 [Test worker] INFO org.springframework.test.context.support.AnnotationConfigContextLoaderUtils - Could not detect default configuration classes for test class [com.jojoldu.book.springboot.web.ProfileControllerTest]: ProfileControllerTest does not declare any static, non-private, non-final, nested classes annotated with @Configuration.
21:58:06.909 [Test worker] DEBUG org.springframework.test.context.support.ActiveProfilesUtils - Could not find an 'annotation declaring class' for annotation type [org.springframework.test.context.ActiveProfiles] and class [com.jojoldu.book.springboot.web.ProfileControllerTest]
21:58:07.035 [Test worker] DEBUG org.springframework.context.annotation.ClassPathScanningCandidateComponentProvider - Identified candidate component class: file [E:\coding\sp1\springboot1\build\classes\java\main\com\jojoldu\book\springboot\Apllication.class]
21:58:07.038 [Test worker] INFO org.springframework.boot.test.context.SpringBootTestContextBootstrapper - Found @SpringBootConfiguration com.jojoldu.book.springboot.Apllication for test class com.jojoldu.book.springboot.web.ProfileControllerTest
21:58:07.156 [Test worker] DEBUG org.springframework.boot.test.context.SpringBootTestContextBootstrapper - @TestExecutionListeners is not present for class [com.jojoldu.book.springboot.web.ProfileControllerTest]: using defaults.
21:58:07.158 [Test worker] INFO org.springframework.boot.test.context.SpringBootTestContextBootstrapper - Loaded default TestExecutionListener class names from location [META-INF/spring.factories]: [org.springframework.security.test.context.support.WithSecurityContextTestExecutionListener, org.springframework.security.test.context.support.ReactorContextTestExecutionListener, org.springframework.boot.test.autoconfigure.restdocs.RestDocsTestExecutionListener, org.springframework.boot.test.autoconfigure.web.client.MockRestServiceServerResetTestExecutionListener, org.springframework.boot.test.autoconfigure.web.servlet.MockMvcPrintOnlyOnFailureTestExecutionListener, org.springframework.boot.test.autoconfigure.web.servlet.WebDriverTestExecutionListener, org.springframework.boot.test.mock.mockito.MockitoTestExecutionListener, org.springframework.boot.test.mock.mockito.ResetMocksTestExecutionListener, org.springframework.test.context.web.ServletTestExecutionListener, org.springframework.test.context.support.DirtiesContextBeforeModesTestExecutionListener, org.springframework.test.context.support.DependencyInjectionTestExecutionListener, org.springframework.test.context.support.DirtiesContextTestExecutionListener, org.springframework.test.context.transaction.TransactionalTestExecutionListener, org.springframework.test.context.jdbc.SqlScriptsTestExecutionListener]
21:58:07.190 [Test worker] INFO org.springframework.boot.test.context.SpringBootTestContextBootstrapper - Using TestExecutionListeners: [org.springframework.test.context.web.ServletTestExecutionListener@30975f18, org.springframework.test.context.support.DirtiesContextBeforeModesTestExecutionListener@7ec3608a, org.springframework.boot.test.mock.mockito.MockitoTestExecutionListener@400055c0, org.springframework.boot.test.autoconfigure.SpringBootDependencyInjectionTestExecutionListener@6a0e5f0f, org.springframework.test.context.support.DirtiesContextTestExecutionListener@60ebb2c9, org.springframework.test.context.transaction.TransactionalTestExecutionListener@5c9496e, org.springframework.test.context.jdbc.SqlScriptsTestExecutionListener@47a5a242, org.springframework.security.test.context.support.WithSecurityContextTestExecutionListener@5fcb7b9e, org.springframework.security.test.context.support.ReactorContextTestExecutionListener@628be754, org.springframework.boot.test.autoconfigure.restdocs.RestDocsTestExecutionListener@2dc64052, org.springframework.boot.test.autoconfigure.web.client.MockRestServiceServerResetTestExecutionListener@471b401a, org.springframework.boot.test.autoconfigure.web.servlet.MockMvcPrintOnlyOnFailureTestExecutionListener@4388d4ec, org.springframework.boot.test.autoconfigure.web.servlet.WebDriverTestExecutionListener@7e843a8e, org.springframework.boot.test.mock.mockito.ResetMocksTestExecutionListener@615f21dc]
21:58:07.199 [Test worker] DEBUG org.springframework.test.annotation.ProfileValueUtils - Retrieved @ProfileValueSourceConfiguration [null] for test class [com.jojoldu.book.springboot.web.ProfileControllerTest]
21:58:07.199 [Test worker] DEBUG org.springframework.test.annotation.ProfileValueUtils - Retrieved ProfileValueSource type [class org.springframework.test.annotation.SystemProfileValueSource] for class [com.jojoldu.book.springboot.web.ProfileControllerTest]
21:58:07.201 [Test worker] DEBUG org.springframework.test.annotation.ProfileValueUtils - Retrieved @ProfileValueSourceConfiguration [null] for test class [com.jojoldu.book.springboot.web.ProfileControllerTest]
21:58:07.202 [Test worker] DEBUG org.springframework.test.annotation.ProfileValueUtils - Retrieved ProfileValueSource type [class org.springframework.test.annotation.SystemProfileValueSource] for class [com.jojoldu.book.springboot.web.ProfileControllerTest]
21:58:07.202 [Test worker] DEBUG org.springframework.test.annotation.ProfileValueUtils - Retrieved @ProfileValueSourceConfiguration [null] for test class [com.jojoldu.book.springboot.web.ProfileControllerTest]
21:58:07.202 [Test worker] DEBUG org.springframework.test.annotation.ProfileValueUtils - Retrieved ProfileValueSource type [class org.springframework.test.annotation.SystemProfileValueSource] for class [com.jojoldu.book.springboot.web.ProfileControllerTest]
21:58:07.207 [Test worker] DEBUG org.springframework.test.context.support.AbstractDirtiesContextTestExecutionListener - Before test class: context [DefaultTestContext@4b87c05b testClass = ProfileControllerTest, testInstance = [null], testMethod = [null], testException = [null], mergedContextConfiguration = [WebMergedContextConfiguration@4283f682 testClass = ProfileControllerTest, locations = '{}', classes = '{class com.jojoldu.book.springboot.Apllication}', contextInitializerClasses = '[]', activeProfiles = '{}', propertySourceLocations = '{}', propertySourceProperties = '{org.springframework.boot.test.context.SpringBootTestContextBootstrapper=true, server.port=0}', contextCustomizers = set[org.springframework.boot.test.autoconfigure.properties.PropertyMappingContextCustomizer@0, org.springframework.boot.test.autoconfigure.web.servlet.WebDriverContextCustomizerFactory$Customizer@7a6335d7, org.springframework.boot.test.context.filter.ExcludeFilterContextCustomizer@8c5ac11, org.springframework.boot.test.json.DuplicateJsonObjectContextCustomizerFactory$DuplicateJsonObjectContextCustomizer@31dff5b4, org.springframework.boot.test.mock.mockito.MockitoContextCustomizer@0, org.springframework.boot.test.web.client.TestRestTemplateContextCustomizer@5902bd44], resourceBasePath = 'src/main/webapp', contextLoader = 'org.springframework.boot.test.context.SpringBootContextLoader', parent = [null]], attributes = map['org.springframework.test.context.web.ServletTestExecutionListener.activateListener' -> false]], class annotated with @DirtiesContext [false] with mode [null].
21:58:07.208 [Test worker] DEBUG org.springframework.test.annotation.ProfileValueUtils - Retrieved @ProfileValueSourceConfiguration [null] for test class [com.jojoldu.book.springboot.web.ProfileControllerTest]
21:58:07.208 [Test worker] DEBUG org.springframework.test.annotation.ProfileValueUtils - Retrieved ProfileValueSource type [class org.springframework.test.annotation.SystemProfileValueSource] for class [com.jojoldu.book.springboot.web.ProfileControllerTest]
21:58:07.214 [Test worker] DEBUG org.springframework.test.context.support.DependencyInjectionTestExecutionListener - Performing dependency injection for test context [[DefaultTestContext@4b87c05b testClass = ProfileControllerTest, testInstance = com.jojoldu.book.springboot.web.ProfileControllerTest@34bdb259, testMethod = [null], testException = [null], mergedContextConfiguration = [WebMergedContextConfiguration@4283f682 testClass = ProfileControllerTest, locations = '{}', classes = '{class com.jojoldu.book.springboot.Apllication}', contextInitializerClasses = '[]', activeProfiles = '{}', propertySourceLocations = '{}', propertySourceProperties = '{org.springframework.boot.test.context.SpringBootTestContextBootstrapper=true, server.port=0}', contextCustomizers = set[org.springframework.boot.test.autoconfigure.properties.PropertyMappingContextCustomizer@0, org.springframework.boot.test.autoconfigure.web.servlet.WebDriverContextCustomizerFactory$Customizer@7a6335d7, org.springframework.boot.test.context.filter.ExcludeFilterContextCustomizer@8c5ac11, org.springframework.boot.test.json.DuplicateJsonObjectContextCustomizerFactory$DuplicateJsonObjectContextCustomizer@31dff5b4, org.springframework.boot.test.mock.mockito.MockitoContextCustomizer@0, org.springframework.boot.test.web.client.TestRestTemplateContextCustomizer@5902bd44], resourceBasePath = 'src/main/webapp', contextLoader = 'org.springframework.boot.test.context.SpringBootContextLoader', parent = [null]], attributes = map['org.springframework.test.context.web.ServletTestExecutionListener.activateListener' -> false]]].
21:58:07.238 [Test worker] DEBUG org.springframework.test.context.support.TestPropertySourceUtils - Adding inlined properties to environment: {spring.jmx.enabled=false, org.springframework.boot.test.context.SpringBootTestContextBootstrapper=true, server.port=0}

  .   ____          _            __ _ _
 /\\ / ___'_ __ _ _(_)_ __  __ _ \ \ \ \
( ( )\___ | '_ | '_| | '_ \/ _` | \ \ \ \
 \\/  ___)| |_)| | | | | || (_| |  ) ) ) )
  '  |____| .__|_| |_|_| |_\__, | / / / /
 =========|_|==============|___/=/_/_/_/
 :: Spring Boot ::        (v2.1.7.RELEASE)

2023-03-02 21:58:07.543  INFO 132804 --- [    Test worker] c.j.b.s.web.ProfileControllerTest        : Starting ProfileControllerTest on DESKTOP-JQ0TKD7 with PID 132804 (started by user in E:\coding\sp1\springboot1)
2023-03-02 21:58:07.545  INFO 132804 --- [    Test worker] c.j.b.s.web.ProfileControllerTest        : No active profile set, falling back to default profiles: default
2023-03-02 21:58:08.822  INFO 132804 --- [    Test worker] .s.d.r.c.RepositoryConfigurationDelegate : Bootstrapping Spring Data repositories in DEFAULT mode.
2023-03-02 21:58:09.039  INFO 132804 --- [    Test worker] .s.d.r.c.RepositoryConfigurationDelegate : Finished Spring Data repository scanning in 198ms. Found 2 repository interfaces.
2023-03-02 21:58:09.724  INFO 132804 --- [    Test worker] trationDelegate$BeanPostProcessorChecker : Bean 'org.springframework.transaction.annotation.ProxyTransactionManagementConfiguration' of type [org.springframework.transaction.annotation.ProxyTransactionManagementConfiguration$$EnhancerBySpringCGLIB$$6ede7b9e] is not eligible for getting processed by all BeanPostProcessors (for example: not eligible for auto-proxying)
2023-03-02 21:58:10.182  INFO 132804 --- [    Test worker] o.s.b.w.embedded.tomcat.TomcatWebServer  : Tomcat initialized with port(s): 0 (http)
2023-03-02 21:58:10.207  INFO 132804 --- [    Test worker] o.apache.catalina.core.StandardService   : Starting service [Tomcat]
2023-03-02 21:58:10.207  INFO 132804 --- [    Test worker] org.apache.catalina.core.StandardEngine  : Starting Servlet engine: [Apache Tomcat/9.0.22]
2023-03-02 21:58:10.384  INFO 132804 --- [    Test worker] o.a.c.c.C.[Tomcat].[localhost].[/]       : Initializing Spring embedded WebApplicationContext
2023-03-02 21:58:10.385  INFO 132804 --- [    Test worker] o.s.web.context.ContextLoader            : Root WebApplicationContext: initialization completed in 2814 ms
2023-03-02 21:58:10.735  INFO 132804 --- [    Test worker] com.zaxxer.hikari.HikariDataSource       : HikariPool-1 - Starting...
2023-03-02 21:58:10.921  INFO 132804 --- [    Test worker] com.zaxxer.hikari.HikariDataSource       : HikariPool-1 - Start completed.
2023-03-02 21:58:11.052  INFO 132804 --- [    Test worker] o.hibernate.jpa.internal.util.LogHelper  : HHH000204: Processing PersistenceUnitInfo [
	name: default
	...]
2023-03-02 21:58:11.144  INFO 132804 --- [    Test worker] org.hibernate.Version                    : HHH000412: Hibernate Core {5.3.10.Final}
2023-03-02 21:58:11.146  INFO 132804 --- [    Test worker] org.hibernate.cfg.Environment            : HHH000206: hibernate.properties not found
2023-03-02 21:58:11.396  INFO 132804 --- [    Test worker] o.hibernate.annotations.common.Version   : HCANN000001: Hibernate Commons Annotations {5.0.4.Final}
2023-03-02 21:58:11.748  INFO 132804 --- [    Test worker] org.hibernate.dialect.Dialect            : HHH000400: Using dialect: org.hibernate.dialect.MySQL5InnoDBDialect
Hibernate: drop table if exists posts
Hibernate: drop table if exists user
Hibernate: create table posts (id bigint not null auto_increment, created_date datetime, modified_date datetime, author varchar(255), content TEXT not null, title varchar(500) not null, primary key (id)) engine=InnoDB
Hibernate: create table user (id bigint not null auto_increment, created_date datetime, modified_date datetime, email varchar(255) not null, name varchar(255) not null, picture varchar(255) not null, role varchar(255) not null, primary key (id)) engine=InnoDB
2023-03-02 21:58:12.493  INFO 132804 --- [    Test worker] o.h.t.schema.internal.SchemaCreatorImpl  : HHH000476: Executing import script 'org.hibernate.tool.schema.internal.exec.ScriptSourceInputNonExistentImpl@d200b34'
2023-03-02 21:58:12.496  INFO 132804 --- [    Test worker] j.LocalContainerEntityManagerFactoryBean : Initialized JPA EntityManagerFactory for persistence unit 'default'
2023-03-02 21:58:13.422  INFO 132804 --- [    Test worker] o.h.h.i.QueryTranslatorFactoryInitiator  : HHH000397: Using ASTQueryTranslatorFactory
2023-03-02 21:58:14.101  INFO 132804 --- [    Test worker] o.s.s.web.DefaultSecurityFilterChain     : Creating filter chain: any request, [org.springframework.security.web.context.request.async.WebAsyncManagerIntegrationFilter@23e881c2, org.springframework.security.web.context.SecurityContextPersistenceFilter@9726353, org.springframework.security.web.header.HeaderWriterFilter@7c0b6e1, org.springframework.security.web.authentication.logout.LogoutFilter@5d44480a, org.springframework.security.oauth2.client.web.OAuth2AuthorizationRequestRedirectFilter@10352564, org.springframework.security.oauth2.client.web.OAuth2LoginAuthenticationFilter@75856093, org.springframework.security.web.authentication.ui.DefaultLoginPageGeneratingFilter@ea645a7, org.springframework.security.web.authentication.ui.DefaultLogoutPageGeneratingFilter@2d2c803e, org.springframework.security.web.savedrequest.RequestCacheAwareFilter@65d1c449, org.springframework.security.web.servletapi.SecurityContextHolderAwareRequestFilter@3641b756, org.springframework.security.web.authentication.AnonymousAuthenticationFilter@6bbd6316, org.springframework.security.web.session.SessionManagementFilter@5c234a7a, org.springframework.security.web.access.ExceptionTranslationFilter@406300e7, org.springframework.security.web.access.intercept.FilterSecurityInterceptor@6ea27616]
2023-03-02 21:58:14.515  INFO 132804 --- [    Test worker] o.s.s.concurrent.ThreadPoolTaskExecutor  : Initializing ExecutorService 'applicationTaskExecutor'
2023-03-02 21:58:14.592  WARN 132804 --- [    Test worker] aWebConfiguration$JpaWebMvcConfiguration : spring.jpa.open-in-view is enabled by default. Therefore, database queries may be performed during view rendering. Explicitly configure spring.jpa.open-in-view to disable this warning
2023-03-02 21:58:14.670  INFO 132804 --- [    Test worker] o.s.b.a.w.s.WelcomePageHandlerMapping    : Adding welcome page template: index
2023-03-02 21:58:15.153  INFO 132804 --- [    Test worker] s.a.ScheduledAnnotationBeanPostProcessor : No TaskScheduler/ScheduledExecutorService bean found for scheduled processing
2023-03-02 21:58:15.195  INFO 132804 --- [    Test worker] o.s.b.w.embedded.tomcat.TomcatWebServer  : Tomcat started on port(s): 59068 (http) with context path ''
2023-03-02 21:58:15.198  INFO 132804 --- [    Test worker] c.j.b.s.web.ProfileControllerTest        : Started ProfileControllerTest in 7.958 seconds (JVM running for 9.559)
2023-03-02 21:58:15.432  INFO 132804 --- [o-auto-1-exec-1] o.a.c.c.C.[Tomcat].[localhost].[/]       : Initializing Spring DispatcherServlet 'dispatcherServlet'
2023-03-02 21:58:15.432  INFO 132804 --- [o-auto-1-exec-1] o.s.web.servlet.DispatcherServlet        : Initializing Servlet 'dispatcherServlet'
2023-03-02 21:58:15.472  INFO 132804 --- [o-auto-1-exec-1] o.s.web.servlet.DispatcherServlet        : Completed initialization in 40 ms
]]></system-out>
  <system-err><![CDATA[]]></system-err>
</testsuite>
